<?xml version="1.0" encoding="UTF-8"?>
<testsuite name="com.gingernet.WalletJavaSdkApplicationTest" tests="1" skipped="0" failures="0" errors="0" timestamp="2024-05-23T06:21:16" hostname="guoshijiangdeMacBook-Pro.local" time="0.148">
  <properties/>
  <testcase name="TestCreateBtcAddress" classname="com.gingernet.WalletJavaSdkApplicationTest" time="0.148"/>
  <system-out><![CDATA[14:20:58.810 [Test worker] DEBUG org.springframework.test.context.junit4.SpringJUnit4ClassRunner - SpringJUnit4ClassRunner constructor called with [class com.gingernet.WalletJavaSdkApplicationTest]
14:20:58.814 [Test worker] DEBUG org.springframework.test.context.BootstrapUtils - Instantiating CacheAwareContextLoaderDelegate from class [org.springframework.test.context.cache.DefaultCacheAwareContextLoaderDelegate]
14:20:58.816 [Test worker] DEBUG org.springframework.test.context.BootstrapUtils - Instantiating BootstrapContext using constructor [public org.springframework.test.context.support.DefaultBootstrapContext(java.lang.Class,org.springframework.test.context.CacheAwareContextLoaderDelegate)]
14:20:58.821 [Test worker] DEBUG org.springframework.test.context.BootstrapUtils - Instantiating TestContextBootstrapper for test class [com.gingernet.WalletJavaSdkApplicationTest] from class [org.springframework.boot.test.context.SpringBootTestContextBootstrapper]
14:20:58.825 [Test worker] INFO org.springframework.boot.test.context.SpringBootTestContextBootstrapper - Neither @ContextConfiguration nor @ContextHierarchy found for test class [com.gingernet.WalletJavaSdkApplicationTest], using SpringBootContextLoader
14:20:58.827 [Test worker] DEBUG org.springframework.test.context.support.AbstractContextLoader - Did not detect default resource location for test class [com.gingernet.WalletJavaSdkApplicationTest]: class path resource [com/gingernet/WalletJavaSdkApplicationTest-context.xml] does not exist
14:20:58.827 [Test worker] DEBUG org.springframework.test.context.support.AbstractContextLoader - Did not detect default resource location for test class [com.gingernet.WalletJavaSdkApplicationTest]: class path resource [com/gingernet/WalletJavaSdkApplicationTestContext.groovy] does not exist
14:20:58.827 [Test worker] INFO org.springframework.test.context.support.AbstractContextLoader - Could not detect default resource locations for test class [com.gingernet.WalletJavaSdkApplicationTest]: no resource found for suffixes {-context.xml, Context.groovy}.
14:20:58.840 [Test worker] DEBUG org.springframework.test.context.support.ActiveProfilesUtils - Could not find an 'annotation declaring class' for annotation type [org.springframework.test.context.ActiveProfiles] and class [com.gingernet.WalletJavaSdkApplicationTest]
14:20:58.849 [Test worker] DEBUG org.springframework.boot.test.context.SpringBootTestContextBootstrapper - @TestExecutionListeners is not present for class [com.gingernet.WalletJavaSdkApplicationTest]: using defaults.
14:20:58.850 [Test worker] INFO org.springframework.boot.test.context.SpringBootTestContextBootstrapper - Loaded default TestExecutionListener class names from location [META-INF/spring.factories]: [org.springframework.boot.test.autoconfigure.restdocs.RestDocsTestExecutionListener, org.springframework.boot.test.autoconfigure.web.client.MockRestServiceServerResetTestExecutionListener, org.springframework.boot.test.autoconfigure.web.servlet.MockMvcPrintOnlyOnFailureTestExecutionListener, org.springframework.boot.test.autoconfigure.web.servlet.WebDriverTestExecutionListener, org.springframework.boot.test.mock.mockito.MockitoTestExecutionListener, org.springframework.boot.test.mock.mockito.ResetMocksTestExecutionListener, org.springframework.test.context.web.ServletTestExecutionListener, org.springframework.test.context.support.DirtiesContextBeforeModesTestExecutionListener, org.springframework.test.context.support.DependencyInjectionTestExecutionListener, org.springframework.test.context.support.DirtiesContextTestExecutionListener, org.springframework.test.context.transaction.TransactionalTestExecutionListener, org.springframework.test.context.jdbc.SqlScriptsTestExecutionListener]
14:20:58.858 [Test worker] INFO org.springframework.boot.test.context.SpringBootTestContextBootstrapper - Using TestExecutionListeners: [org.springframework.test.context.web.ServletTestExecutionListener@1a1f8a4e, org.springframework.test.context.support.DirtiesContextBeforeModesTestExecutionListener@4c5165eb, org.springframework.boot.test.autoconfigure.SpringBootDependencyInjectionTestExecutionListener@3f384a22, org.springframework.test.context.support.DirtiesContextTestExecutionListener@700802d3, org.springframework.test.context.transaction.TransactionalTestExecutionListener@1623ab66, org.springframework.test.context.jdbc.SqlScriptsTestExecutionListener@511afa74, org.springframework.boot.test.autoconfigure.restdocs.RestDocsTestExecutionListener@2c0ed32f, org.springframework.boot.test.autoconfigure.web.client.MockRestServiceServerResetTestExecutionListener@1ca042e7, org.springframework.boot.test.autoconfigure.web.servlet.MockMvcPrintOnlyOnFailureTestExecutionListener@1753a28e, org.springframework.boot.test.autoconfigure.web.servlet.WebDriverTestExecutionListener@119c234a, org.springframework.boot.test.mock.mockito.MockitoTestExecutionListener@4bd10dfd, org.springframework.boot.test.mock.mockito.ResetMocksTestExecutionListener@5578c91a]
14:20:58.859 [Test worker] DEBUG org.springframework.test.annotation.ProfileValueUtils - Retrieved @ProfileValueSourceConfiguration [null] for test class [com.gingernet.WalletJavaSdkApplicationTest]
14:20:58.859 [Test worker] DEBUG org.springframework.test.annotation.ProfileValueUtils - Retrieved ProfileValueSource type [class org.springframework.test.annotation.SystemProfileValueSource] for class [com.gingernet.WalletJavaSdkApplicationTest]
14:20:58.860 [Test worker] DEBUG org.springframework.test.annotation.ProfileValueUtils - Retrieved @ProfileValueSourceConfiguration [null] for test class [com.gingernet.WalletJavaSdkApplicationTest]
14:20:58.860 [Test worker] DEBUG org.springframework.test.annotation.ProfileValueUtils - Retrieved ProfileValueSource type [class org.springframework.test.annotation.SystemProfileValueSource] for class [com.gingernet.WalletJavaSdkApplicationTest]
14:20:58.860 [Test worker] DEBUG org.springframework.test.annotation.ProfileValueUtils - Retrieved @ProfileValueSourceConfiguration [null] for test class [com.gingernet.WalletJavaSdkApplicationTest]
14:20:58.860 [Test worker] DEBUG org.springframework.test.annotation.ProfileValueUtils - Retrieved ProfileValueSource type [class org.springframework.test.annotation.SystemProfileValueSource] for class [com.gingernet.WalletJavaSdkApplicationTest]
14:20:58.861 [Test worker] DEBUG org.springframework.test.context.support.AbstractDirtiesContextTestExecutionListener - Before test class: context [DefaultTestContext@44daa56a testClass = WalletJavaSdkApplicationTest, testInstance = [null], testMethod = [null], testException = [null], mergedContextConfiguration = [WebMergedContextConfiguration@6c80a7d testClass = WalletJavaSdkApplicationTest, locations = '{}', classes = '{class com.gingernet.WalletJavaSdkApplication, class com.gingernet.WalletJavaSdkApplication}', contextInitializerClasses = '[]', activeProfiles = '{}', propertySourceLocations = '{}', propertySourceProperties = '{org.springframework.boot.test.context.SpringBootTestContextBootstrapper=true, server.port=0}', contextCustomizers = set[org.springframework.boot.test.autoconfigure.properties.PropertyMappingContextCustomizer@0, org.springframework.boot.test.autoconfigure.web.servlet.WebDriverContextCustomizerFactory$Customizer@7bc93959, org.springframework.boot.test.context.SpringBootTestContextCustomizer@4345e12f, org.springframework.boot.test.context.filter.ExcludeFilterContextCustomizer@30a76279, org.springframework.boot.test.json.DuplicateJsonObjectContextCustomizerFactory$DuplicateJsonObjectContextCustomizer@7835157c, org.springframework.boot.test.mock.mockito.MockitoContextCustomizer@0], resourceBasePath = 'src/main/webapp', contextLoader = 'org.springframework.boot.test.context.SpringBootContextLoader', parent = [null]]], class annotated with @DirtiesContext [false] with mode [null].
14:20:58.862 [Test worker] DEBUG org.springframework.test.annotation.ProfileValueUtils - Retrieved @ProfileValueSourceConfiguration [null] for test class [com.gingernet.WalletJavaSdkApplicationTest]
14:20:58.862 [Test worker] DEBUG org.springframework.test.annotation.ProfileValueUtils - Retrieved ProfileValueSource type [class org.springframework.test.annotation.SystemProfileValueSource] for class [com.gingernet.WalletJavaSdkApplicationTest]
14:20:58.927 [Test worker] DEBUG org.springframework.test.context.support.DependencyInjectionTestExecutionListener - Performing dependency injection for test context [[DefaultTestContext@44daa56a testClass = WalletJavaSdkApplicationTest, testInstance = com.gingernet.WalletJavaSdkApplicationTest@53540db3, testMethod = [null], testException = [null], mergedContextConfiguration = [WebMergedContextConfiguration@6c80a7d testClass = WalletJavaSdkApplicationTest, locations = '{}', classes = '{class com.gingernet.WalletJavaSdkApplication, class com.gingernet.WalletJavaSdkApplication}', contextInitializerClasses = '[]', activeProfiles = '{}', propertySourceLocations = '{}', propertySourceProperties = '{org.springframework.boot.test.context.SpringBootTestContextBootstrapper=true, server.port=0}', contextCustomizers = set[org.springframework.boot.test.autoconfigure.properties.PropertyMappingContextCustomizer@0, org.springframework.boot.test.autoconfigure.web.servlet.WebDriverContextCustomizerFactory$Customizer@7bc93959, org.springframework.boot.test.context.SpringBootTestContextCustomizer@4345e12f, org.springframework.boot.test.context.filter.ExcludeFilterContextCustomizer@30a76279, org.springframework.boot.test.json.DuplicateJsonObjectContextCustomizerFactory$DuplicateJsonObjectContextCustomizer@7835157c, org.springframework.boot.test.mock.mockito.MockitoContextCustomizer@0], resourceBasePath = 'src/main/webapp', contextLoader = 'org.springframework.boot.test.context.SpringBootContextLoader', parent = [null]]]].
14:20:58.951 [Test worker] DEBUG org.springframework.core.env.StandardEnvironment - Adding PropertySource 'systemProperties' with lowest search precedence
14:20:58.951 [Test worker] DEBUG org.springframework.core.env.StandardEnvironment - Adding PropertySource 'systemEnvironment' with lowest search precedence
14:20:58.951 [Test worker] DEBUG org.springframework.core.env.StandardEnvironment - Initialized StandardEnvironment with PropertySources [MapPropertySource@117627176 {name='systemProperties', properties={java.runtime.name=Java(TM) SE Runtime Environment, sun.boot.library.path=/Library/Java/JavaVirtualMachines/jdk-1.8.jdk/Contents/Home/jre/lib, java.vm.version=25.401-b10, gopherProxySet=false, java.vm.vendor=Oracle Corporation, java.vendor.url=http://java.oracle.com/, path.separator=:, java.vm.name=Java HotSpot(TM) 64-Bit Server VM, file.encoding.pkg=sun.io, sun.java.launcher=SUN_STANDARD, user.country=CN, sun.os.patch.level=unknown, java.vm.specification.name=Java Virtual Machine Specification, user.dir=/Users/guoshijiang/theweb3/wallet-java-sdk, java.runtime.version=1.8.0_401-b10, java.awt.graphicsenv=sun.awt.CGraphicsEnvironment, java.endorsed.dirs=/Library/Java/JavaVirtualMachines/jdk-1.8.jdk/Contents/Home/jre/lib/endorsed, os.arch=aarch64, java.io.tmpdir=/var/folders/vn/s4cx41gn4rbdnr60nmcx40180000gn/T/, line.separator=
, socksProxyPort=1086, java.vm.specification.vendor=Oracle Corporation, user.variant=, https.proxyHost=127.0.0.1, os.name=Mac OS X, sun.jnu.encoding=UTF-8, java.library.path=/Users/guoshijiang/Library/Java/Extensions:/Library/Java/Extensions:/Network/Library/Java/Extensions:/System/Library/Java/Extensions:/usr/lib/java:., http.proxyPort=1087, java.specification.name=Java Platform API Specification, java.class.version=52.0, org.gradle.native=false, sun.management.compiler=HotSpot 64-Bit Tiered Compilers, os.version=14.1, http.nonProxyHosts=172.16.0.0/12|*.172.16.0.0/12|127.0.0.1|timestamp.apple.com|*.timestamp.apple.com|192.168.0.0/16|*.192.168.0.0/16|10.0.0.0/8|*.10.0.0.0/8|localhost|*.localhost, user.home=/Users/guoshijiang, user.timezone=Asia/Shanghai, java.awt.printerjob=sun.lwawt.macosx.CPrinterJob, file.encoding=UTF-8, java.specification.version=1.8, java.class.path=/Users/guoshijiang/theweb3/wallet-java-sdk/build/classes/java/test:/Users/guoshijiang/theweb3/wallet-java-sdk/build/resources/test:/Users/guoshijiang/theweb3/wallet-java-sdk/build/classes/java/main:/Users/guoshijiang/theweb3/wallet-java-sdk/build/resources/main:/Users/guoshijiang/.gradle/caches/modules-2/files-2.1/org.springframework.boot/spring-boot-starter-actuator/1.5.10.RELEASE/64cfc9842b6b608b132ff258934db9045733f678/spring-boot-starter-actuator-1.5.10.RELEASE.jar:/Users/guoshijiang/.gradle/caches/modules-2/files-2.1/org.springframework.boot/spring-boot-starter-freemarker/1.5.10.RELEASE/5f875a5973411ebd2f51205d397037b15f5d10df/spring-boot-starter-freemarker-1.5.10.RELEASE.jar:/Users/guoshijiang/.gradle/caches/modules-2/files-2.1/org.springframework.boot/spring-boot-starter-web/1.5.10.RELEASE/8bc445f3ee81e5322e46b28cbb33bca1800b69d9/spring-boot-starter-web-1.5.10.RELEASE.jar:/Users/guoshijiang/.gradle/caches/modules-2/files-2.1/org.springframework.boot/spring-boot-devtools/1.5.10.RELEASE/64a5e292f913e4b782954765778e6f6910c0208c/spring-boot-devtools-1.5.10.RELEASE.jar:/Users/guoshijiang/.gradle/caches/modules-2/files-2.1/org.springframework.boot/spring-boot-starter-aop/1.5.10.RELEASE/2e58fd451d9e89a539a2c15efc5089d81dd7a686/spring-boot-starter-aop-1.5.10.RELEASE.jar:/Users/guoshijiang/.gradle/caches/modules-2/files-2.1/org.springframework.boot/spring-boot-starter-data-redis/1.5.10.RELEASE/19756b52f04003add9bcc1d508cc05e63821a3a6/spring-boot-starter-data-redis-1.5.10.RELEASE.jar:/Users/guoshijiang/.gradle/caches/modules-2/files-2.1/org.mybatis.spring.boot/mybatis-spring-boot-starter/1.3.0/d063697b00628e49a675b40b9b6e61ed5a79078b/mybatis-spring-boot-starter-1.3.0.jar:/Users/guoshijiang/.gradle/caches/modules-2/files-2.1/com.alibaba/druid/1.0.29/4acf3e5be445b9a6970a5497592e5f69b22c41e3/druid-1.0.29.jar:/Users/guoshijiang/.gradle/caches/modules-2/files-2.1/org.apache.commons/commons-configuration2/2.2/5ee9a0c14ac47e8c78d7f573bea1867f0d3b2894/commons-configuration2-2.2.jar:/Users/guoshijiang/.gradle/caches/modules-2/files-2.1/org.apache.commons/commons-lang3/3.7/557edd918fd41f9260963583ebf5a61a43a6b423/commons-lang3-3.7.jar:/Users/guoshijiang/.gradle/caches/modules-2/files-2.1/com.google.code.gson/gson/2.8.0/c4ba5371a29ac9b2ad6129b1d39ea38750043eff/gson-2.8.0.jar:/Users/guoshijiang/.gradle/caches/modules-2/files-2.1/org.web3j/core/3.1.1/3c1754d7309fdc9aa0ed7516a8a5f1d373f9f1c9/core-3.1.1.jar:/Users/guoshijiang/.gradle/caches/modules-2/files-2.1/com.squareup.okhttp3/logging-interceptor/3.8.1/feab46062803513d6a8307c74b0084265855de1a/logging-interceptor-3.8.1.jar:/Users/guoshijiang/.gradle/caches/modules-2/files-2.1/com.squareup.okhttp3/okhttp/3.10.0/7ef0f1d95bf4c0b3ba30bbae25e0e562b05cf75e/okhttp-3.10.0.jar:/Users/guoshijiang/.gradle/caches/modules-2/files-2.1/org.bitcoinj/bitcoinj-core/0.14.7/5e58d6921e1d8dfce81525b22c0de97f34be1f5c/bitcoinj-core-0.14.7.jar:/Users/guoshijiang/.gradle/caches/modules-2/files-2.1/io.springfox/springfox-swagger2/2.9.2/362676bc7f4c6f9f1d568741becab0dfc198c898/springfox-swagger2-2.9.2.jar:/Users/guoshijiang/.gradle/caches/modules-2/files-2.1/org.bitcoinj/orchid/1.2.1/53beecbbb57040608d0c54a7408ee3eb06e71a59/orchid-1.2.1.jar:/Users/guoshijiang/.gradle/caches/modules-2/files-2.1/io.springfox/springfox-swagger-common/2.9.2/b38a41b3044af80cb7f41f67be5d158c9f6491ec/springfox-swagger-common-2.9.2.jar:/Users/guoshijiang/.gradle/caches/modules-2/files-2.1/io.springfox/springfox-swagger-ui/2.9.2/d542382a88ff3ea8d4032c28b2b0325797fada7d/springfox-swagger-ui-2.9.2.jar:/Users/guoshijiang/.gradle/caches/modules-2/files-2.1/io.springfox/springfox-spring-web/2.9.2/ed2ed714a6cba8804d00f80f0534901e4c7a3211/springfox-spring-web-2.9.2.jar:/Users/guoshijiang/.gradle/caches/modules-2/files-2.1/io.springfox/springfox-schema/2.9.2/e268f38774b16bb51a92ccaef0dcf3dc651c0cee/springfox-schema-2.9.2.jar:/Users/guoshijiang/.gradle/caches/modules-2/files-2.1/io.springfox/springfox-spi/2.9.2/6ac686190a6ceaccdae8b50d03b0501d144a6666/springfox-spi-2.9.2.jar:/Users/guoshijiang/.gradle/caches/modules-2/files-2.1/io.springfox/springfox-core/2.9.2/2e26f58939c594fb5c958c3a1c7bedf83d2f2702/springfox-core-2.9.2.jar:/Users/guoshijiang/.gradle/caches/modules-2/files-2.1/com.google.guava/guava/24.1-jre/96c528475465aeb22cce60605d230a7e67cebd7b/guava-24.1-jre.jar:/Users/guoshijiang/.gradle/caches/modules-2/files-2.1/com.sun.jna/jna/3.0.9/9dd557b9a44d05a3810104ed1c835a42b925dc4a/jna-3.0.9.jar:/Users/guoshijiang/.gradle/caches/modules-2/files-2.1/redis.clients/jedis/2.9.0/292bc9cc26553acd3cccc26f2f95620bf88a04c2/jedis-2.9.0.jar:/Users/guoshijiang/.gradle/caches/modules-2/files-2.1/org.springframework.boot/spring-boot-starter-test/1.5.10.RELEASE/d4e1be51061d71b55f4bd4458d8437d1b943a70/spring-boot-starter-test-1.5.10.RELEASE.jar:/Users/guoshijiang/.gradle/caches/modules-2/files-2.1/com.alibaba/fastjson/1.2.56/71b3d857a75c3c1beec4c6d356ce008098ccc2ce/fastjson-1.2.56.jar:/Users/guoshijiang/.gradle/caches/modules-2/files-2.1/org.python/jython/2.7.0/576ac65d2cfca511f82f3a65a3568fefd91884d/jython-2.7.0.jar:/Users/guoshijiang/.gradle/caches/modules-2/files-2.1/dom4j/dom4j/1.6/529555dd4d3872a59f5ac214cfbe8fe1339c271d/dom4j-1.6.jar:/Users/guoshijiang/.gradle/caches/modules-2/files-2.1/org.apache.httpcomponents/httpclient/4.5.6/1afe5621985efe90a92d0fbc9be86271efbe796f/httpclient-4.5.6.jar:/Users/guoshijiang/.gradle/caches/modules-2/files-2.1/commons-net/commons-net/1.4.1/abb932adb2c10790c1eaa4365d3ac2a1ac7cb700/commons-net-1.4.1.jar:/Users/guoshijiang/.gradle/caches/modules-2/files-2.1/org.web3j/crypto/3.1.1/4b33324b68b0163df8e37f1079aaf8bd663bc62f/crypto-3.1.1.jar:/Users/guoshijiang/.gradle/caches/modules-2/files-2.1/org.web3j/abi/3.1.1/cedbfd3295ed6bf07a1f66950300c5586e45b2f6/abi-3.1.1.jar:/Users/guoshijiang/.gradle/caches/modules-2/files-2.1/org.web3j/utils/3.1.1/f8d630575ec921cc22518a69c23ab0861ab37438/utils-3.1.1.jar:/Users/guoshijiang/.gradle/caches/modules-2/files-2.1/org.springframework.boot/spring-boot-starter-jdbc/1.5.10.RELEASE/f78396b57f70a0ca8422bcbe8959aa49baf49023/spring-boot-starter-jdbc-1.5.10.RELEASE.jar:/Users/guoshijiang/.gradle/caches/modules-2/files-2.1/org.springframework.boot/spring-boot-starter/1.5.10.RELEASE/d935ac98f84c1d97d7ccd702d21abdc236fa7aa0/spring-boot-starter-1.5.10.RELEASE.jar:/Users/guoshijiang/.gradle/caches/modules-2/files-2.1/org.springframework.boot/spring-boot-starter-logging/1.5.10.RELEASE/62c73688208b3173645d6701fc3eb95ca657e6c8/spring-boot-starter-logging-1.5.10.RELEASE.jar:/Users/guoshijiang/.gradle/caches/modules-2/files-2.1/ch.qos.logback/logback-classic/1.2.3/7c4f3c474fb2c041d8028740440937705ebb473a/logback-classic-1.2.3.jar:/Users/guoshijiang/.gradle/caches/modules-2/files-2.1/ch.qos.logback/logback-core/1.2.3/864344400c3d4d92dfeb0a305dc87d953677c03c/logback-core-1.2.3.jar:/Users/guoshijiang/.gradle/caches/modules-2/files-2.1/com.googlecode.json-simple/json-simple/1.1.1/c9ad4a0850ab676c5c64461a05ca524cdfff59f1/json-simple-1.1.1.jar:/Users/guoshijiang/.gradle/caches/modules-2/files-2.1/cn.hutool/hutool-all/5.5.1/a5178789d6fcb23a45eeb98259c239b25be82c4d/hutool-all-5.5.1.jar:/Users/guoshijiang/.gradle/caches/modules-2/files-2.1/co.nstant.in/cbor/0.9/6fdebc091a3b58c996018ab2cbb395917de0034/cbor-0.9.jar:/Users/guoshijiang/.gradle/caches/modules-2/files-2.1/mysql/mysql-connector-java/5.1.45/ee64ec436a87c35362176ea300d69c912d1cbeac/mysql-connector-java-5.1.45.jar:/Users/guoshijiang/.gradle/caches/modules-2/files-2.1/org.springframework.boot/spring-boot-actuator/1.5.10.RELEASE/6cd22e2348aec18a19bedf86b5fb6d932d3f8c18/spring-boot-actuator-1.5.10.RELEASE.jar:/Users/guoshijiang/.gradle/caches/modules-2/files-2.1/org.springframework.boot/spring-boot-starter-tomcat/1.5.10.RELEASE/11e474e265f1c68fc435dddbac42ab3574b5e4b6/spring-boot-starter-tomcat-1.5.10.RELEASE.jar:/Users/guoshijiang/.gradle/caches/modules-2/files-2.1/org.hibernate/hibernate-validator/5.3.6.Final/4c730be8bf55a8e9a61e79a2f2c079abf48b718/hibernate-validator-5.3.6.Final.jar:/Users/guoshijiang/.gradle/caches/modules-2/files-2.1/com.fasterxml.jackson.core/jackson-databind/2.8.10/f7b83cb2bc4b88d53961e749e1ad32f49ef017b7/jackson-databind-2.8.10.jar:/Users/guoshijiang/.gradle/caches/modules-2/files-2.1/org.springframework/spring-webmvc/4.3.14.RELEASE/1571eab8a807005d424ca16fedd54b1f439787b2/spring-webmvc-4.3.14.RELEASE.jar:/Users/guoshijiang/.gradle/caches/modules-2/files-2.1/org.springframework/spring-web/4.3.14.RELEASE/a0c3bf3ad661db185675bd5af350f35ed11f0903/spring-web-4.3.14.RELEASE.jar:/Users/guoshijiang/.gradle/caches/modules-2/files-2.1/org.freemarker/freemarker/2.3.27-incubating/fa71f754fd3c4123358c2b1e5eef630cd99d752f/freemarker-2.3.27-incubating.jar:/Users/guoshijiang/.gradle/caches/modules-2/files-2.1/org.springframework.data/spring-data-redis/1.8.10.RELEASE/34cecd006a0f9b44c7fcc4d19dc6ec5b9d6d92ba/spring-data-redis-1.8.10.RELEASE.jar:/Users/guoshijiang/.gradle/caches/modules-2/files-2.1/org.springframework/spring-context-support/4.3.14.RELEASE/c4f5f32bf8665bd05ee6b3b3f31bdb43fcb597ee/spring-context-support-4.3.14.RELEASE.jar:/Users/guoshijiang/.gradle/caches/modules-2/files-2.1/org.mybatis.spring.boot/mybatis-spring-boot-autoconfigure/1.3.0/8c08b7cf8d571ba8673112a04bab343a6a936bb2/mybatis-spring-boot-autoconfigure-1.3.0.jar:/Users/guoshijiang/.gradle/caches/modules-2/files-2.1/org.springframework.boot/spring-boot-test-autoconfigure/1.5.10.RELEASE/55242f7c194fb141de8460a92e92b716469fc3a8/spring-boot-test-autoconfigure-1.5.10.RELEASE.jar:/Users/guoshijiang/.gradle/caches/modules-2/files-2.1/org.springframework.boot/spring-boot-autoconfigure/1.5.10.RELEASE/be96efab0d35181f18c486b0ec8d6a41a7042fce/spring-boot-autoconfigure-1.5.10.RELEASE.jar:/Users/guoshijiang/.gradle/caches/modules-2/files-2.1/org.springframework.boot/spring-boot-test/1.5.10.RELEASE/b7f28e8896906f0bbbb951727a7c5581c562d1c9/spring-boot-test-1.5.10.RELEASE.jar:/Users/guoshijiang/.gradle/caches/modules-2/files-2.1/org.springframework.boot/spring-boot/1.5.10.RELEASE/594b3efa04829f62754a19f59f81ba204636167a/spring-boot-1.5.10.RELEASE.jar:/Users/guoshijiang/.gradle/caches/modules-2/files-2.1/org.springframework.plugin/spring-plugin-metadata/1.2.0.RELEASE/97223fc496b6cab31602eedbd4202aa4fff0d44f/spring-plugin-metadata-1.2.0.RELEASE.jar:/Users/guoshijiang/.gradle/caches/modules-2/files-2.1/org.springframework.plugin/spring-plugin-core/1.2.0.RELEASE/f380e7760032e7d929184f8ad8a33716b75c0657/spring-plugin-core-1.2.0.RELEASE.jar:/Users/guoshijiang/.gradle/caches/modules-2/files-2.1/org.springframework.data/spring-data-keyvalue/1.2.10.RELEASE/dd774bf80964d3104074bc0004341fa16c27f7e9/spring-data-keyvalue-1.2.10.RELEASE.jar:/Users/guoshijiang/.gradle/caches/modules-2/files-2.1/org.springframework/spring-context/4.3.14.RELEASE/e50a712960926c30e537ef4a633f5d9dd5a8b155/spring-context-4.3.14.RELEASE.jar:/Users/guoshijiang/.gradle/caches/modules-2/files-2.1/org.springframework/spring-aop/4.3.14.RELEASE/dfe55b0592aead8e3eb0e6a4e98db433b9e09bd7/spring-aop-4.3.14.RELEASE.jar:/Users/guoshijiang/.gradle/caches/modules-2/files-2.1/org.aspectj/aspectjweaver/1.8.13/ad94df2a28d658a40dc27bbaff6a1ce5fbf04e9b/aspectjweaver-1.8.13.jar:/Users/guoshijiang/.gradle/caches/modules-2/files-2.1/org.mybatis/mybatis/3.4.4/31f6ee836efc0a69e07d44f71deb0b0b4fd0f0c4/mybatis-3.4.4.jar:/Users/guoshijiang/.gradle/caches/modules-2/files-2.1/org.mybatis/mybatis-spring/1.3.1/5197169e15a43066f177a1cd12a098e1283fdc76/mybatis-spring-1.3.1.jar:/Users/guoshijiang/.gradle/caches/modules-2/files-2.1/com.squareup.okhttp/okhttp/2.7.2/20f6463eb19ac61960c5d91a094c2f4f0727dc2e/okhttp-2.7.2.jar:/Users/guoshijiang/.gradle/caches/modules-2/files-2.1/com.squareup.okio/okio/1.14.0/102d7be47241d781ef95f1581d414b0943053130/okio-1.14.0.jar:/Users/guoshijiang/.gradle/caches/modules-2/files-2.1/com.google.code.findbugs/jsr305/2.0.1/516c03b21d50a644d538de0f0369c620989cd8f0/jsr305-2.0.1.jar:/Users/guoshijiang/.gradle/caches/modules-2/files-2.1/org.checkerframework/checker-compat-qual/2.0.0/fc89b03860d11d6213d0154a62bcd1c2f69b9efa/checker-compat-qual-2.0.0.jar:/Users/guoshijiang/.gradle/caches/modules-2/files-2.1/com.google.errorprone/error_prone_annotations/2.1.3/39b109f2cd352b2d71b52a3b5a1a9850e1dc304b/error_prone_annotations-2.1.3.jar:/Users/guoshijiang/.gradle/caches/modules-2/files-2.1/com.google.j2objc/j2objc-annotations/1.1/ed28ded51a8b1c6b112568def5f4b455e6809019/j2objc-annotations-1.1.jar:/Users/guoshijiang/.gradle/caches/modules-2/files-2.1/org.codehaus.mojo/animal-sniffer-annotations/1.14/775b7e22fb10026eed3f86e8dc556dfafe35f2d5/animal-sniffer-annotations-1.14.jar:/Users/guoshijiang/.gradle/caches/modules-2/files-2.1/org.apache.commons/commons-pool2/2.4.3/e7ab2a5143cb4e0b21d8ca81c265095e4567dd22/commons-pool2-2.4.3.jar:/Users/guoshijiang/.gradle/caches/modules-2/files-2.1/com.jayway.jsonpath/json-path/2.2.0/22290d17944bd239fabf5ac69005a60a7ecbbbcb/json-path-2.2.0.jar:/Users/guoshijiang/.gradle/caches/modules-2/files-2.1/junit/junit/4.12/2973d150c0dc1fefe998f834810d68f278ea58ec/junit-4.12.jar:/Users/guoshijiang/.gradle/caches/modules-2/files-2.1/org.assertj/assertj-core/2.6.0/b532c3fc4f66bcfee4989a3514f1cd56203a33ad/assertj-core-2.6.0.jar:/Users/guoshijiang/.gradle/caches/modules-2/files-2.1/org.mockito/mockito-core/1.10.19/e8546f5bef4e061d8dd73895b4e8f40e3fe6effe/mockito-core-1.10.19.jar:/Users/guoshijiang/.gradle/caches/modules-2/files-2.1/org.hamcrest/hamcrest-library/1.3/4785a3c21320980282f9f33d0d1264a69040538f/hamcrest-library-1.3.jar:/Users/guoshijiang/.gradle/caches/modules-2/files-2.1/org.hamcrest/hamcrest-core/1.3/42a25dc3219429f0e5d060061f71acb49bf010a0/hamcrest-core-1.3.jar:/Users/guoshijiang/.gradle/caches/modules-2/files-2.1/org.skyscreamer/jsonassert/1.4.0/9cdbb373a06f6513e51e8c545ee6a5e981463edb/jsonassert-1.4.0.jar:/Users/guoshijiang/.gradle/caches/modules-2/files-2.1/org.springframework/spring-test/4.3.14.RELEASE/1a7f6f51a263a3e09e94403653348b3864412c53/spring-test-4.3.14.RELEASE.jar:/Users/guoshijiang/.gradle/caches/modules-2/files-2.1/org.springframework/spring-jdbc/4.3.14.RELEASE/1b1b9045d9ec1e067d99bf158210e9e7cf2ebfd2/spring-jdbc-4.3.14.RELEASE.jar:/Users/guoshijiang/.gradle/caches/modules-2/files-2.1/org.springframework/spring-tx/4.3.14.RELEASE/1c9449fcb805837db3c706eab4c729f89688a267/spring-tx-4.3.14.RELEASE.jar:/Users/guoshijiang/.gradle/caches/modules-2/files-2.1/org.springframework/spring-oxm/4.3.14.RELEASE/20080d261e7a79cad00f8f6d628fd2c1049f6f2/spring-oxm-4.3.14.RELEASE.jar:/Users/guoshijiang/.gradle/caches/modules-2/files-2.1/org.springframework.data/spring-data-commons/1.13.10.RELEASE/b732245a0902b561b0c33e54cd0f382e9ac444ed/spring-data-commons-1.13.10.RELEASE.jar:/Users/guoshijiang/.gradle/caches/modules-2/files-2.1/org.springframework/spring-beans/4.3.14.RELEASE/7bcd17a68dd64e9447d7bff2c42ba7417678596e/spring-beans-4.3.14.RELEASE.jar:/Users/guoshijiang/.gradle/caches/modules-2/files-2.1/org.springframework/spring-expression/4.3.14.RELEASE/58477b44debcb49b09e962e3047ee74c2c033e89/spring-expression-4.3.14.RELEASE.jar:/Users/guoshijiang/.gradle/caches/modules-2/files-2.1/org.springframework/spring-core/4.3.14.RELEASE/c70ddb6204457a802d1f6882d65bca3e5b3c41df/spring-core-4.3.14.RELEASE.jar:/Users/guoshijiang/.gradle/caches/modules-2/files-2.1/commons-logging/commons-logging/1.2/4bfc12adfe4842bf07b657f0369c4cb522955686/commons-logging-1.2.jar:/Users/guoshijiang/.gradle/caches/modules-2/files-2.1/xml-apis/xml-apis/1.4.01/3789d9fada2d3d458c4ba2de349d48780f381ee3/xml-apis-1.4.01.jar:/Users/guoshijiang/.gradle/caches/modules-2/files-2.1/org.apache.httpcomponents/httpcore/4.4.9/a86ce739e5a7175b4b234c290a00a5fdb80957a0/httpcore-4.4.9.jar:/Users/guoshijiang/.gradle/caches/modules-2/files-2.1/commons-codec/commons-codec/1.10/4b95f4897fa13f2cd904aee711aeafc0c5295cd8/commons-codec-1.10.jar:/Users/guoshijiang/.gradle/caches/modules-2/files-2.1/oro/oro/2.0.8/5592374f834645c4ae250f4c9fbb314c9369d698/oro-2.0.8.jar:/Users/guoshijiang/.gradle/caches/modules-2/files-2.1/org.web3j/tuples/3.1.1/4d554165420a357e576a9fcd5219db1a883ffc1a/tuples-3.1.1.jar:/Users/guoshijiang/.gradle/caches/modules-2/files-2.1/com.github.jnr/jnr-unixsocket/0.15/caac6379cbcac9cfb5b63d719907b43861e8ac19/jnr-unixsocket-0.15.jar:/Users/guoshijiang/.gradle/caches/modules-2/files-2.1/io.reactivex/rxjava/1.2.4/522cfb00b6c015b72c64ee60054b4f6338880858/rxjava-1.2.4.jar:/Users/guoshijiang/.gradle/caches/modules-2/files-2.1/org.web3j/rlp/3.1.1/82706d753e5db52eb1f0ae745696488856002000/rlp-3.1.1.jar:/Users/guoshijiang/.gradle/caches/modules-2/files-2.1/io.swagger/swagger-models/1.5.20/fb3a23bad80c5ed84db9dd150db2cba699531458/swagger-models-1.5.20.jar:/Users/guoshijiang/.gradle/caches/modules-2/files-2.1/org.slf4j/jcl-over-slf4j/1.7.25/f8c32b13ff142a513eeb5b6330b1588dcb2c0461/jcl-over-slf4j-1.7.25.jar:/Users/guoshijiang/.gradle/caches/modules-2/files-2.1/org.slf4j/jul-to-slf4j/1.7.25/af5364cd6679bfffb114f0dec8a157aaa283b76/jul-to-slf4j-1.7.25.jar:/Users/guoshijiang/.gradle/caches/modules-2/files-2.1/org.slf4j/log4j-over-slf4j/1.7.25/a87bb47468f47ee7aabbd54f93e133d4215769c3/log4j-over-slf4j-1.7.25.jar:/Users/guoshijiang/.gradle/caches/modules-2/files-2.1/org.slf4j/slf4j-api/1.7.25/da76ca59f6a57ee3102f8f9bd9cee742973efa8a/slf4j-api-1.7.25.jar:/Users/guoshijiang/.gradle/caches/modules-2/files-2.1/org.bouncycastle/bcprov-jdk15on/1.54/1acdedeb89f1d950d67b73d481eb7736df65eedb/bcprov-jdk15on-1.54.jar:/Users/guoshijiang/.gradle/caches/modules-2/files-2.1/com.madgag.spongycastle/core/1.51.0.0/f642963312ea0e615ad65f28adc5a5b3a2a0862/core-1.51.0.0.jar:/Users/guoshijiang/.gradle/caches/modules-2/files-2.1/com.google.protobuf/protobuf-java/2.6.1/d9521f2aecb909835746b7a5facf612af5e890e8/protobuf-java-2.6.1.jar:/Users/guoshijiang/.gradle/caches/modules-2/files-2.1/net.jcip/jcip-annotations/1.0/afba4942caaeaf46aab0b976afd57cc7c181467e/jcip-annotations-1.0.jar:/Users/guoshijiang/.gradle/caches/modules-2/files-2.1/com.lambdaworks/scrypt/1.4.0/906506b74f30c8c20bccd9ed4a11112d8941fe87/scrypt-1.4.0.jar:/Users/guoshijiang/.gradle/caches/modules-2/files-2.1/io.swagger/swagger-annotations/1.5.20/16051f93ce11ca489a5313775d825f82fcc2cd6c/swagger-annotations-1.5.20.jar:/Users/guoshijiang/.gradle/caches/modules-2/files-2.1/com.fasterxml/classmate/1.3.4/3d5f48f10bbe4eb7bd862f10c0583be2e0053c6/classmate-1.3.4.jar:/Users/guoshijiang/.gradle/caches/modules-2/files-2.1/org.mapstruct/mapstruct/1.2.0.Final/8609d6eb044e9f6c73cb24c8f2f4ed5c72a249c7/mapstruct-1.2.0.Final.jar:/Users/guoshijiang/.gradle/caches/modules-2/files-2.1/org.yaml/snakeyaml/1.17/7a27ea250c5130b2922b86dea63cbb1cc10a660c/snakeyaml-1.17.jar:/Users/guoshijiang/.gradle/caches/modules-2/files-2.1/org.apache.tomcat.embed/tomcat-embed-websocket/8.5.27/3cba1c5187a17b0233de5712024d6e144036ba9a/tomcat-embed-websocket-8.5.27.jar:/Users/guoshijiang/.gradle/caches/modules-2/files-2.1/org.apache.tomcat.embed/tomcat-embed-core/8.5.27/a10612f0af27c7bfcc4e8d88393adad1fc5b4ece/tomcat-embed-core-8.5.27.jar:/Users/guoshijiang/.gradle/caches/modules-2/files-2.1/org.apache.tomcat.embed/tomcat-embed-el/8.5.27/5a591bcf5c930d2b37bb40c0f95180604a3b1a57/tomcat-embed-el-8.5.27.jar:/Users/guoshijiang/.gradle/caches/modules-2/files-2.1/javax.validation/validation-api/1.1.0.Final/8613ae82954779d518631e05daa73a6a954817d5/validation-api-1.1.0.Final.jar:/Users/guoshijiang/.gradle/caches/modules-2/files-2.1/org.jboss.logging/jboss-logging/3.3.1.Final/c46217ab74b532568c0ed31dc599db3048bd1b67/jboss-logging-3.3.1.Final.jar:/Users/guoshijiang/.gradle/caches/modules-2/files-2.1/com.fasterxml.jackson.core/jackson-annotations/2.8.0/45b426f7796b741035581a176744d91090e2e6fb/jackson-annotations-2.8.0.jar:/Users/guoshijiang/.gradle/caches/modules-2/files-2.1/com.fasterxml.jackson.core/jackson-core/2.8.10/eb21a035c66ad307e66ec8fce37f5d50fd62d039/jackson-core-2.8.10.jar:/Users/guoshijiang/.gradle/caches/modules-2/files-2.1/org.apache.tomcat/tomcat-jdbc/8.5.27/f37dfae9e9afb6b2742e04a401e32264c5fec0ec/tomcat-jdbc-8.5.27.jar:/Users/guoshijiang/.gradle/caches/modules-2/files-2.1/net.minidev/json-smart/2.2.1/5b9e5df7a62d1279b70dc882b041d249c4f0b002/json-smart-2.2.1.jar:/Users/guoshijiang/.gradle/caches/modules-2/files-2.1/org.objenesis/objenesis/2.1/87c0ea803b69252868d09308b4618f766f135a96/objenesis-2.1.jar:/Users/guoshijiang/.gradle/caches/modules-2/files-2.1/com.vaadin.external.google/android-json/0.0.20131108.vaadin1/fa26d351fe62a6a17f5cda1287c1c6110dec413f/android-json-0.0.20131108.vaadin1.jar:/Users/guoshijiang/.gradle/caches/modules-2/files-2.1/com.github.jnr/jnr-enxio/0.14/a33f125337b270c9ba4cf1e84b40af405c5380f3/jnr-enxio-0.14.jar:/Users/guoshijiang/.gradle/caches/modules-2/files-2.1/com.github.jnr/jnr-posix/3.0.33/86dd65d4c33c4a6c8c260ee256bfcfecd8c45bee/jnr-posix-3.0.33.jar:/Users/guoshijiang/.gradle/caches/modules-2/files-2.1/com.github.jnr/jnr-ffi/2.1.2/627fff71439402c4b697a03026b1d733140a6b19/jnr-ffi-2.1.2.jar:/Users/guoshijiang/.gradle/caches/modules-2/files-2.1/com.github.jnr/jnr-constants/0.9.6/84955256aa28919f12b6c7c9437ed65d814a3c0c/jnr-constants-0.9.6.jar:/Users/guoshijiang/.gradle/caches/modules-2/files-2.1/org.apache.tomcat/tomcat-annotations-api/8.5.27/122c0a4acaba72bf4590e83c9fbcb3475c46edc5/tomcat-annotations-api-8.5.27.jar:/Users/guoshijiang/.gradle/caches/modules-2/files-2.1/org.apache.tomcat/tomcat-juli/8.5.27/583a08f2f59c6abdd86833b572b9a2f55e61a0f2/tomcat-juli-8.5.27.jar:/Users/guoshijiang/.gradle/caches/modules-2/files-2.1/net.minidev/accessors-smart/1.1/a527213f2fea112a04c9bdf0ec0264e34104cd08/accessors-smart-1.1.jar:/Users/guoshijiang/.gradle/caches/modules-2/files-2.1/com.github.jnr/jffi/1.2.14/c5928f546442090dba86cd7bdc2b7561c3deb3aa/jffi-1.2.14.jar:/Users/guoshijiang/.gradle/caches/modules-2/files-2.1/com.github.jnr/jffi/1.2.14/d8b010006d29b2db8fa4c498d6c3e508ad06b24a/jffi-1.2.14-native.jar:/Users/guoshijiang/.gradle/caches/modules-2/files-2.1/org.ow2.asm/asm-commons/5.0.3/a7111830132c7f87d08fe48cb0ca07630f8cb91c/asm-commons-5.0.3.jar:/Users/guoshijiang/.gradle/caches/modules-2/files-2.1/org.ow2.asm/asm-analysis/5.0.3/c7126aded0e8e13fed5f913559a0dd7b770a10f3/asm-analysis-5.0.3.jar:/Users/guoshijiang/.gradle/caches/modules-2/files-2.1/org.ow2.asm/asm-util/5.0.3/1512e5571325854b05fb1efce1db75fcced54389/asm-util-5.0.3.jar:/Users/guoshijiang/.gradle/caches/modules-2/files-2.1/org.ow2.asm/asm-tree/5.0.3/287749b48ba7162fb67c93a026d690b29f410bed/asm-tree-5.0.3.jar:/Users/guoshijiang/.gradle/caches/modules-2/files-2.1/org.ow2.asm/asm/5.0.3/dcc2193db20e19e1feca8b1240dbbc4e190824fa/asm-5.0.3.jar:/Users/guoshijiang/.gradle/caches/modules-2/files-2.1/com.github.jnr/jnr-x86asm/1.0.2/6936bbd6c5b235665d87bd450f5e13b52d4b48/jnr-x86asm-1.0.2.jar:/Users/guoshijiang/.gradle/caches/modules-2/files-2.1/net.bytebuddy/byte-buddy/1.8.12/82a340b11ea0a55e5d51b3ae559003454b8bf320/byte-buddy-1.8.12.jar, user.name=guoshijiang, socksProxyHost=127.0.0.1, java.vm.specification.version=1.8, sun.java.command=worker.org.gradle.process.internal.worker.GradleWorkerMain 'Gradle Test Executor 1', java.home=/Library/Java/JavaVirtualMachines/jdk-1.8.jdk/Contents/Home/jre, sun.arch.data.model=64, user.language=zh, java.specification.vendor=Oracle Corporation, awt.toolkit=sun.lwawt.macosx.LWCToolkit, java.vm.info=mixed mode, java.version=1.8.0_401, java.ext.dirs=/Users/guoshijiang/Library/Java/Extensions:/Library/Java/JavaVirtualMachines/jdk-1.8.jdk/Contents/Home/jre/lib/ext:/Library/Java/Extensions:/Network/Library/Java/Extensions:/System/Library/Java/Extensions:/usr/lib/java, sun.boot.class.path=/Library/Java/JavaVirtualMachines/jdk-1.8.jdk/Contents/Home/jre/lib/resources.jar:/Library/Java/JavaVirtualMachines/jdk-1.8.jdk/Contents/Home/jre/lib/rt.jar:/Library/Java/JavaVirtualMachines/jdk-1.8.jdk/Contents/Home/jre/lib/jsse.jar:/Library/Java/JavaVirtualMachines/jdk-1.8.jdk/Contents/Home/jre/lib/jce.jar:/Library/Java/JavaVirtualMachines/jdk-1.8.jdk/Contents/Home/jre/lib/charsets.jar:/Library/Java/JavaVirtualMachines/jdk-1.8.jdk/Contents/Home/jre/lib/jfr.jar:/Library/Java/JavaVirtualMachines/jdk-1.8.jdk/Contents/Home/jre/classes, http.proxyHost=127.0.0.1, java.vendor=Oracle Corporation, org.gradle.test.worker=1, java.specification.maintenance.version=5, file.separator=/, java.vendor.url.bug=http://bugreport.sun.com/bugreport/, sun.io.unicode.encoding=UnicodeBig, sun.cpu.endian=little, https.proxyPort=1087, socksNonProxyHosts=172.16.0.0/12|*.172.16.0.0/12|127.0.0.1|timestamp.apple.com|*.timestamp.apple.com|192.168.0.0/16|*.192.168.0.0/16|10.0.0.0/8|*.10.0.0.0/8|localhost|*.localhost, ftp.nonProxyHosts=172.16.0.0/12|*.172.16.0.0/12|127.0.0.1|timestamp.apple.com|*.timestamp.apple.com|192.168.0.0/16|*.192.168.0.0/16|10.0.0.0/8|*.10.0.0.0/8|localhost|*.localhost, sun.cpu.isalist=}}, SystemEnvironmentPropertySource@1664482300 {name='systemEnvironment', properties={PATH=/usr/bin:/bin:/usr/sbin:/sbin, __CFBundleIdentifier=com.jetbrains.intellij, SHELL=/bin/zsh, JAVA_MAIN_CLASS_84284=org.gradle.launcher.daemon.bootstrap.GradleDaemon, JAVA_MAIN_CLASS_84285=worker.org.gradle.process.internal.worker.GradleWorkerMain, USER=guoshijiang, TMPDIR=/var/folders/vn/s4cx41gn4rbdnr60nmcx40180000gn/T/, COMMAND_MODE=unix2003, SSH_AUTH_SOCK=/private/tmp/com.apple.launchd.V5Huu5Ny79/Listeners, XPC_FLAGS=0x0, __CF_USER_TEXT_ENCODING=0x1F5:0x19:0x34, LOGNAME=guoshijiang, XPC_SERVICE_NAME=application.com.jetbrains.intellij.11298916.11299741, IDEA_INITIAL_DIRECTORY=/, HOME=/Users/guoshijiang}}]
14:20:58.953 [Test worker] DEBUG org.springframework.test.context.support.TestPropertySourceUtils - Adding inlined properties to environment: {spring.jmx.enabled=false, org.springframework.boot.test.context.SpringBootTestContextBootstrapper=true, server.port=0}
14:20:58.953 [Test worker] DEBUG org.springframework.core.env.StandardEnvironment - Adding PropertySource 'Inlined Test Properties' with highest search precedence

  .   ____          _            __ _ _
 /\\ / ___'_ __ _ _(_)_ __  __ _ \ \ \ \
( ( )\___ | '_ | '_| | '_ \/ _` | \ \ \ \
 \\/  ___)| |_)| | | | | || (_| |  ) ) ) )
  '  |____| .__|_| |_|_| |_\__, | / / / /
 =========|_|==============|___/=/_/_/_/
 :: Spring Boot ::       (v1.5.10.RELEASE)

2024-05-23 14:21:09.095  INFO 84285 --- [    Test worker] c.g.WalletJavaSdkApplicationTest         : Starting WalletJavaSdkApplicationTest on guoshijiangdeMacBook-Pro.local with PID 84285 (started by guoshijiang in /Users/guoshijiang/theweb3/wallet-java-sdk)
2024-05-23 14:21:09.096  INFO 84285 --- [    Test worker] c.g.WalletJavaSdkApplicationTest         : No active profile set, falling back to default profiles: default
2024-05-23 14:21:09.113  INFO 84285 --- [    Test worker] ationConfigEmbeddedWebApplicationContext : Refreshing org.springframework.boot.context.embedded.AnnotationConfigEmbeddedWebApplicationContext@22fc4216: startup date [Thu May 23 14:21:09 CST 2024]; root of context hierarchy
2024-05-23 14:21:09.404  INFO 84285 --- [    Test worker] .s.d.r.c.RepositoryConfigurationDelegate : Multiple Spring Data modules found, entering strict repository configuration mode!
2024-05-23 14:21:09.880  INFO 84285 --- [    Test worker] s.b.c.e.t.TomcatEmbeddedServletContainer : Tomcat initialized with port(s): 0 (http)
2024-05-23 14:21:09.899  INFO 84285 --- [    Test worker] o.apache.catalina.core.StandardService   : Starting service [Tomcat]
2024-05-23 14:21:09.899  INFO 84285 --- [    Test worker] org.apache.catalina.core.StandardEngine  : Starting Servlet Engine: Apache Tomcat/8.5.27
2024-05-23 14:21:10.011  INFO 84285 --- [ost-startStop-1] o.a.c.c.C.[Tomcat].[localhost].[/]       : Initializing Spring embedded WebApplicationContext
2024-05-23 14:21:10.012  INFO 84285 --- [ost-startStop-1] o.s.web.context.ContextLoader            : Root WebApplicationContext: initialization completed in 900 ms
2024-05-23 14:21:10.115  INFO 84285 --- [ost-startStop-1] o.s.b.w.servlet.ServletRegistrationBean  : Mapping servlet: 'dispatcherServlet' to [/]
2024-05-23 14:21:10.117  INFO 84285 --- [ost-startStop-1] o.s.b.w.servlet.FilterRegistrationBean   : Mapping filter: 'metricsFilter' to: [/*]
2024-05-23 14:21:10.117  INFO 84285 --- [ost-startStop-1] o.s.b.w.servlet.FilterRegistrationBean   : Mapping filter: 'characterEncodingFilter' to: [/*]
2024-05-23 14:21:10.117  INFO 84285 --- [ost-startStop-1] o.s.b.w.servlet.FilterRegistrationBean   : Mapping filter: 'hiddenHttpMethodFilter' to: [/*]
2024-05-23 14:21:10.117  INFO 84285 --- [ost-startStop-1] o.s.b.w.servlet.FilterRegistrationBean   : Mapping filter: 'httpPutFormContentFilter' to: [/*]
2024-05-23 14:21:10.117  INFO 84285 --- [ost-startStop-1] o.s.b.w.servlet.FilterRegistrationBean   : Mapping filter: 'requestContextFilter' to: [/*]
2024-05-23 14:21:10.117  INFO 84285 --- [ost-startStop-1] o.s.b.w.servlet.FilterRegistrationBean   : Mapping filter: 'webRequestLoggingFilter' to: [/*]
2024-05-23 14:21:10.117  INFO 84285 --- [ost-startStop-1] o.s.b.w.servlet.FilterRegistrationBean   : Mapping filter: 'applicationContextIdFilter' to: [/*]
2024-05-23 14:21:10.587  INFO 84285 --- [    Test worker] s.w.s.m.m.a.RequestMappingHandlerAdapter : Looking for @ControllerAdvice: org.springframework.boot.context.embedded.AnnotationConfigEmbeddedWebApplicationContext@22fc4216: startup date [Thu May 23 14:21:09 CST 2024]; root of context hierarchy
2024-05-23 14:21:10.615  INFO 84285 --- [    Test worker] s.w.s.m.m.a.RequestMappingHandlerMapping : Mapped "{[/error]}" onto public org.springframework.http.ResponseEntity<java.util.Map<java.lang.String, java.lang.Object>> org.springframework.boot.autoconfigure.web.BasicErrorController.error(javax.servlet.http.HttpServletRequest)
2024-05-23 14:21:10.615  INFO 84285 --- [    Test worker] s.w.s.m.m.a.RequestMappingHandlerMapping : Mapped "{[/error],produces=[text/html]}" onto public org.springframework.web.servlet.ModelAndView org.springframework.boot.autoconfigure.web.BasicErrorController.errorHtml(javax.servlet.http.HttpServletRequest,javax.servlet.http.HttpServletResponse)
2024-05-23 14:21:10.628  INFO 84285 --- [    Test worker] o.s.w.s.handler.SimpleUrlHandlerMapping  : Mapped URL path [/webjars/**] onto handler of type [class org.springframework.web.servlet.resource.ResourceHttpRequestHandler]
2024-05-23 14:21:10.628  INFO 84285 --- [    Test worker] o.s.w.s.handler.SimpleUrlHandlerMapping  : Mapped URL path [/**] onto handler of type [class org.springframework.web.servlet.resource.ResourceHttpRequestHandler]
2024-05-23 14:21:10.642  INFO 84285 --- [    Test worker] o.s.w.s.handler.SimpleUrlHandlerMapping  : Mapped URL path [/**/favicon.ico] onto handler of type [class org.springframework.web.servlet.resource.ResourceHttpRequestHandler]
2024-05-23 14:21:15.799  INFO 84285 --- [    Test worker] o.s.b.a.e.mvc.EndpointHandlerMapping     : Mapped "{[/heapdump || /heapdump.json],methods=[GET],produces=[application/octet-stream]}" onto public void org.springframework.boot.actuate.endpoint.mvc.HeapdumpMvcEndpoint.invoke(boolean,javax.servlet.http.HttpServletRequest,javax.servlet.http.HttpServletResponse) throws java.io.IOException,javax.servlet.ServletException
2024-05-23 14:21:15.800  INFO 84285 --- [    Test worker] o.s.b.a.e.mvc.EndpointHandlerMapping     : Mapped "{[/loggers/{name:.*}],methods=[GET],produces=[application/vnd.spring-boot.actuator.v1+json || application/json]}" onto public java.lang.Object org.springframework.boot.actuate.endpoint.mvc.LoggersMvcEndpoint.get(java.lang.String)
2024-05-23 14:21:15.800  INFO 84285 --- [    Test worker] o.s.b.a.e.mvc.EndpointHandlerMapping     : Mapped "{[/loggers/{name:.*}],methods=[POST],consumes=[application/vnd.spring-boot.actuator.v1+json || application/json],produces=[application/vnd.spring-boot.actuator.v1+json || application/json]}" onto public java.lang.Object org.springframework.boot.actuate.endpoint.mvc.LoggersMvcEndpoint.set(java.lang.String,java.util.Map<java.lang.String, java.lang.String>)
2024-05-23 14:21:15.800  INFO 84285 --- [    Test worker] o.s.b.a.e.mvc.EndpointHandlerMapping     : Mapped "{[/loggers || /loggers.json],methods=[GET],produces=[application/vnd.spring-boot.actuator.v1+json || application/json]}" onto public java.lang.Object org.springframework.boot.actuate.endpoint.mvc.EndpointMvcAdapter.invoke()
2024-05-23 14:21:15.800  INFO 84285 --- [    Test worker] o.s.b.a.e.mvc.EndpointHandlerMapping     : Mapped "{[/auditevents || /auditevents.json],methods=[GET],produces=[application/vnd.spring-boot.actuator.v1+json || application/json]}" onto public org.springframework.http.ResponseEntity<?> org.springframework.boot.actuate.endpoint.mvc.AuditEventsMvcEndpoint.findByPrincipalAndAfterAndType(java.lang.String,java.util.Date,java.lang.String)
2024-05-23 14:21:15.801  INFO 84285 --- [    Test worker] o.s.b.a.e.mvc.EndpointHandlerMapping     : Mapped "{[/metrics/{name:.*}],methods=[GET],produces=[application/vnd.spring-boot.actuator.v1+json || application/json]}" onto public java.lang.Object org.springframework.boot.actuate.endpoint.mvc.MetricsMvcEndpoint.value(java.lang.String)
2024-05-23 14:21:15.801  INFO 84285 --- [    Test worker] o.s.b.a.e.mvc.EndpointHandlerMapping     : Mapped "{[/metrics || /metrics.json],methods=[GET],produces=[application/vnd.spring-boot.actuator.v1+json || application/json]}" onto public java.lang.Object org.springframework.boot.actuate.endpoint.mvc.EndpointMvcAdapter.invoke()
2024-05-23 14:21:15.801  INFO 84285 --- [    Test worker] o.s.b.a.e.mvc.EndpointHandlerMapping     : Mapped "{[/autoconfig || /autoconfig.json],methods=[GET],produces=[application/vnd.spring-boot.actuator.v1+json || application/json]}" onto public java.lang.Object org.springframework.boot.actuate.endpoint.mvc.EndpointMvcAdapter.invoke()
2024-05-23 14:21:15.801  INFO 84285 --- [    Test worker] o.s.b.a.e.mvc.EndpointHandlerMapping     : Mapped "{[/mappings || /mappings.json],methods=[GET],produces=[application/vnd.spring-boot.actuator.v1+json || application/json]}" onto public java.lang.Object org.springframework.boot.actuate.endpoint.mvc.EndpointMvcAdapter.invoke()
2024-05-23 14:21:15.802  INFO 84285 --- [    Test worker] o.s.b.a.e.mvc.EndpointHandlerMapping     : Mapped "{[/env/{name:.*}],methods=[GET],produces=[application/vnd.spring-boot.actuator.v1+json || application/json]}" onto public java.lang.Object org.springframework.boot.actuate.endpoint.mvc.EnvironmentMvcEndpoint.value(java.lang.String)
2024-05-23 14:21:15.802  INFO 84285 --- [    Test worker] o.s.b.a.e.mvc.EndpointHandlerMapping     : Mapped "{[/env || /env.json],methods=[GET],produces=[application/vnd.spring-boot.actuator.v1+json || application/json]}" onto public java.lang.Object org.springframework.boot.actuate.endpoint.mvc.EndpointMvcAdapter.invoke()
2024-05-23 14:21:15.802  INFO 84285 --- [    Test worker] o.s.b.a.e.mvc.EndpointHandlerMapping     : Mapped "{[/beans || /beans.json],methods=[GET],produces=[application/vnd.spring-boot.actuator.v1+json || application/json]}" onto public java.lang.Object org.springframework.boot.actuate.endpoint.mvc.EndpointMvcAdapter.invoke()
2024-05-23 14:21:15.803  INFO 84285 --- [    Test worker] o.s.b.a.e.mvc.EndpointHandlerMapping     : Mapped "{[/dump || /dump.json],methods=[GET],produces=[application/vnd.spring-boot.actuator.v1+json || application/json]}" onto public java.lang.Object org.springframework.boot.actuate.endpoint.mvc.EndpointMvcAdapter.invoke()
2024-05-23 14:21:15.803  INFO 84285 --- [    Test worker] o.s.b.a.e.mvc.EndpointHandlerMapping     : Mapped "{[/info || /info.json],methods=[GET],produces=[application/vnd.spring-boot.actuator.v1+json || application/json]}" onto public java.lang.Object org.springframework.boot.actuate.endpoint.mvc.EndpointMvcAdapter.invoke()
2024-05-23 14:21:15.803  INFO 84285 --- [    Test worker] o.s.b.a.e.mvc.EndpointHandlerMapping     : Mapped "{[/trace || /trace.json],methods=[GET],produces=[application/vnd.spring-boot.actuator.v1+json || application/json]}" onto public java.lang.Object org.springframework.boot.actuate.endpoint.mvc.EndpointMvcAdapter.invoke()
2024-05-23 14:21:15.804  INFO 84285 --- [    Test worker] o.s.b.a.e.mvc.EndpointHandlerMapping     : Mapped "{[/health || /health.json],methods=[GET],produces=[application/vnd.spring-boot.actuator.v1+json || application/json]}" onto public java.lang.Object org.springframework.boot.actuate.endpoint.mvc.HealthMvcEndpoint.invoke(javax.servlet.http.HttpServletRequest,java.security.Principal)
2024-05-23 14:21:15.804  INFO 84285 --- [    Test worker] o.s.b.a.e.mvc.EndpointHandlerMapping     : Mapped "{[/configprops || /configprops.json],methods=[GET],produces=[application/vnd.spring-boot.actuator.v1+json || application/json]}" onto public java.lang.Object org.springframework.boot.actuate.endpoint.mvc.EndpointMvcAdapter.invoke()
2024-05-23 14:21:15.985  INFO 84285 --- [    Test worker] o.s.ui.freemarker.SpringTemplateLoader   : SpringTemplateLoader for FreeMarker: using resource loader [org.springframework.boot.context.embedded.AnnotationConfigEmbeddedWebApplicationContext@22fc4216: startup date [Thu May 23 14:21:09 CST 2024]; root of context hierarchy] and template loader path [classpath:/templates/]
2024-05-23 14:21:15.985  INFO 84285 --- [    Test worker] o.s.w.s.v.f.FreeMarkerConfigurer         : ClassTemplateLoader for Spring macros added to FreeMarker configuration
2024-05-23 14:21:15.993  WARN 84285 --- [    Test worker] o.s.b.a.f.FreeMarkerAutoConfiguration    : Cannot find template location(s): [classpath:/templates/] (please add some templates, check your FreeMarker configuration, or set spring.freemarker.checkTemplateLocation=false)
2024-05-23 14:21:16.053  INFO 84285 --- [    Test worker] s.b.c.e.t.TomcatEmbeddedServletContainer : Tomcat started on port(s): 59199 (http)
2024-05-23 14:21:16.055  INFO 84285 --- [    Test worker] c.g.WalletJavaSdkApplicationTest         : Started WalletJavaSdkApplicationTest in 17.1 seconds (JVM running for 17.468)
2024-05-23 14:21:16.070  INFO 84285 --- [    Test worker] o.a.c.c.C.[Tomcat].[localhost].[/]       : Initializing Spring FrameworkServlet ''
2024-05-23 14:21:16.070  INFO 84285 --- [    Test worker] o.s.t.web.servlet.TestDispatcherServlet  : FrameworkServlet '': initialization started
2024-05-23 14:21:16.075  INFO 84285 --- [    Test worker] o.s.t.web.servlet.TestDispatcherServlet  : FrameworkServlet '': initialization completed in 5 ms
2024-05-23 14:21:16.179  INFO 84285 --- [    Test worker] org.bitcoinj.crypto.MnemonicCode         : PBKDF2 took 50.82 ms
cNMgCkiNqaZ9Ro6DxUs7dG6shCbt4yXsX5ai8U5bNF4UHNycAPrN
mpDiiuwxtrWdF3GPdRzryp6r8pYLGc4m41
]]></system-out>
  <system-err><![CDATA[]]></system-err>
</testsuite>
